Build started 4/27/2015 4:52:00 PM.
     1>Project "C:\Users\fady\Desktop\BankSystemSimulation\BankSystemSimulation\BankSystemSimulation.vcxproj" on node 2 (build target(s)).
     1>InitializeBuildStatus:
         Creating "Debug\BankSystemSimulation.unsuccessfulbuild" because "AlwaysCreate" was specified.
       ClCompile:
         d:\visual studio\VC\bin\CL.exe /c /ZI /nologo /W3 /WX- /Od /Oy- /D WIN32 /D _DEBUG /D _CONSOLE /D _UNICODE /D UNICODE /Gm /EHsc /RTC1 /MDd /GS /fp:precise /Zc:wchar_t /Zc:forScope /Fo"Debug\\" /Fd"Debug\vc100.pdb" /Gd /TP /analyze- /errorReport:prompt Main.cpp
         Main.cpp
     1>c:\users\fady\desktop\banksystemsimulation\banksystemsimulation\main.cpp(52): warning C4996: 'getch': The POSIX name for this item is deprecated. Instead, use the ISO C++ conformant name: _getch. See online help for details.
                 d:\visual studio\vc\include\conio.h(128) : see declaration of 'getch'
     1>c:\users\fady\desktop\banksystemsimulation\banksystemsimulation\main.cpp(334): warning C4996: 'getch': The POSIX name for this item is deprecated. Instead, use the ISO C++ conformant name: _getch. See online help for details.
                 d:\visual studio\vc\include\conio.h(128) : see declaration of 'getch'
       ManifestResourceCompile:
         All outputs are up-to-date.
       Link:
         d:\visual studio\VC\bin\link.exe /ERRORREPORT:PROMPT /OUT:"C:\Users\fady\Desktop\BankSystemSimulation\Debug\BankSystemSimulation.exe" /INCREMENTAL /NOLOGO kernel32.lib user32.lib gdi32.lib winspool.lib comdlg32.lib advapi32.lib shell32.lib ole32.lib oleaut32.lib uuid.lib odbc32.lib odbccp32.lib /MANIFEST /ManifestFile:"Debug\BankSystemSimulation.exe.intermediate.manifest" /MANIFESTUAC:"level='asInvoker' uiAccess='false'" /DEBUG /PDB:"C:\Users\fady\Desktop\BankSystemSimulation\Debug\BankSystemSimulation.pdb" /SUBSYSTEM:CONSOLE /TLBID:1 /DYNAMICBASE /NXCOMPAT /IMPLIB:"C:\Users\fady\Desktop\BankSystemSimulation\Debug\BankSystemSimulation.lib" /MACHINE:X86 Debug\BankSystemSimulation.exe.embed.manifest.res
         Debug\Main.obj
       Manifest:
         C:\Program Files (x86)\Microsoft SDKs\Windows\v7.0A\bin\mt.exe /nologo /verbose /out:"Debug\BankSystemSimulation.exe.embed.manifest" /manifest Debug\BankSystemSimulation.exe.intermediate.manifest
         All outputs are up-to-date.
       LinkEmbedManifest:
         All outputs are up-to-date.
         BankSystemSimulation.vcxproj -> C:\Users\fady\Desktop\BankSystemSimulation\Debug\BankSystemSimulation.exe
       FinalizeBuildStatus:
         Deleting file "Debug\BankSystemSimulation.unsuccessfulbuild".
         Touching "Debug\BankSystemSimulation.lastbuildstate".
     1>Done Building Project "C:\Users\fady\Desktop\BankSystemSimulation\BankSystemSimulation\BankSystemSimulation.vcxproj" (build target(s)).

Build succeeded.

Time Elapsed 00:00:01.19
